    time       N2Oflux        NOflux        N2flux           CH4           NIT         PPT
 1900.00     1      0.000058      0.000236      0.000000      0.021771      0.044836     0.800000
 1900.00     2      0.000051      0.000206      0.000000      0.020508      0.036398     0.100000
 1900.00     3      0.000068      0.000293      0.000000      0.024747      0.039356     1.700000
 1900.00     4      0.000423      0.000379      0.000000      0.020417      0.055463    16.599998
 1900.00     5      0.000384      0.000631      0.000000      0.025409      0.091709     4.400000
 1900.00     6      0.000120      0.000382      0.000000      0.027437      0.041612     4.100000
 1900.00     7      0.000051      0.000201      0.000000      0.026493      0.011492     5.000000
 1900.00     8      0.000149      0.000437      0.000000      0.025623      0.047515     6.600000
 1900.00     9      0.000130      0.000354      0.000000      0.022822      0.046259     5.600000
 1900.00    10      0.000054      0.000203      0.000000      0.023809      0.033949     0.900000
 1900.00    11      0.000045      0.000160      0.000000      0.021995      0.032517     0.900000
 1900.00    12      0.000040      0.000162      0.000000      0.021184      0.031795     0.300000
 1901.00     1      0.000037      0.000145      0.000000      0.020514      0.029890     0.400000
 1901.00     2      0.000033      0.000131      0.000000      0.019133      0.026309     0.400000
 1901.00     3      0.000040      0.000164      0.000000      0.021176      0.028858     3.100000
 1901.00     4      0.000050      0.000214      0.000000      0.021420      0.030280     1.500000
 1901.00     5      0.000198      0.000363      0.000000      0.021176      0.039743     7.800000
 1901.00     6      0.000079      0.000327      0.000000      0.024643      0.045158     2.500000
 1901.00     7      0.000090      0.000371      0.000000      0.026935      0.053841     0.300000
 1901.00     8      0.000110      0.000534      0.000000      0.027242      0.066120     1.900000
 1901.00     9      0.000382      0.000994      0.000000      0.023119      0.158172     4.400000
 1901.00    10      0.000130      0.000501      0.000000      0.026873      0.068832     1.800000
 1901.00    11      0.000065      0.000189      0.000000      0.022076      0.045070     1.600000
 1901.00    12      0.000050      0.000183      0.000000      0.020699      0.041547     0.800000
 1902.00     1      0.000046      0.000141      0.000000      0.020717      0.036520     1.400000
 1902.00     2      0.000040      0.000116      0.000000      0.019201      0.029770     0.900000
 1902.00     3      0.000050      0.000189      0.000000      0.023513      0.031801     2.000000
 1902.00     4      0.000172      0.000428      0.000000      0.022607      0.060197     6.900000
 1902.00     5      0.000434      0.000623      0.000000      0.025587      0.101428     9.400000
 1902.00     6      0.000112      0.000351      0.000000      0.028727      0.048907     2.700000
 1902.00     7      0.000347      0.000713      0.000000      0.028463      0.093325     9.300000
 1902.00     8      0.000071      0.000301      0.000000      0.028366      0.031216     1.400000
 1902.00     9      0.000062      0.000272      0.000000      0.025554      0.027582     2.600000
 1902.00    10      0.000045      0.000190      0.000000      0.024419      0.029629     0.800000
 1902.00    11      0.000043      0.000151      0.000000      0.022091      0.028987     2.500000
 1902.00    12      0.000035      0.000145      0.000000      0.020753      0.028446     0.100000
 1903.00     1      0.000032      0.000123      0.000000      0.019874      0.026581     1.100000
 1903.00     2      0.000028      0.000110      0.000000      0.017751      0.022449     0.900000
 1903.00     3      0.000032      0.000111      0.000000      0.019924      0.025062     1.600000
 1903.00     4      0.000043      0.000176      0.000000      0.021089      0.025819     0.000000
 1903.00     5      0.000066      0.000266      0.000000      0.022405      0.033263     4.200000
 1903.00     6      0.000074      0.000271      0.000000      0.024274      0.038132     3.700000
 1903.00     7      0.000079      0.000329      0.000000      0.026829      0.045245     0.400000
 1903.00     8      0.000162      0.000518      0.000000      0.024788      0.072698     5.000000
 1903.00     9      0.000131      0.000551      0.000000      0.026437      0.074454     1.800000
 1903.00    10      0.000107      0.000418      0.000000      0.026320      0.058699     2.900000
 1903.00    11      0.000073      0.000200      0.000000      0.022316      0.048598     1.100000
 1903.00    12      0.000056      0.000228      0.000000      0.021597      0.045953     0.000000
 1904.00     1      0.000051      0.000210      0.000000      0.021477      0.041383     0.100000
 1904.00     2      0.000045      0.000161      0.000000      0.019527      0.034202     1.600000
 1904.00     3      0.000148      0.000267      0.000000      0.018827      0.038706     6.300000
 1904.00     4      0.000321      0.000671      0.000000      0.023440      0.079259     6.100000
 1904.00     5      0.000321      0.000837      0.000000      0.026958      0.089140     5.400000
 1904.00     6      0.000124      0.000453      0.000000      0.029447      0.057079     4.699999
 1904.00     7      0.000049      0.000231      0.000000      0.028219      0.019718     0.800000
 1904.00     8      0.000277      0.000374      0.000000      0.026080      0.027356     6.600000
 1904.00     9      0.000087      0.000322      0.000000      0.023882      0.038595     0.300000
 1904.00    10      0.000045      0.000182      0.000000      0.024569      0.029549     0.300000
 1904.00    11      0.000038      0.000146      0.000000      0.021695      0.028642     0.700000
 1904.00    12      0.000035      0.000123      0.000000      0.020931      0.027810     1.100000
 1905.00     1      0.000032      0.000092      0.000000      0.020019      0.025880     3.100000
 1905.00     2      0.000039      0.000090      0.000000      0.017569      0.023622     1.200000
 1905.00     3      0.000036      0.000143      0.000000      0.019940      0.025523     4.300000
 1905.00     4      0.000070      0.000237      0.000000      0.018709      0.027257     4.400000
 1905.00     5      0.000143      0.000301      0.000000      0.019263      0.041789     6.000000
 1905.00     6      0.000074      0.000321      0.000000      0.024351      0.045194     1.500000
 1905.00     7      0.000092      0.000404      0.000000      0.026895      0.053674     2.600000
 1905.00     8      0.000112      0.000510      0.000000      0.026699      0.064797     2.100000
 1905.00     9      0.000163      0.000745      0.000000      0.026606      0.097373     1.600000
 1905.00    10      0.000135      0.000582      0.000000      0.027253      0.079892     1.100000
 1905.00    11      0.000060      0.000217      0.000000      0.023262      0.042599     1.000000
 1905.00    12      0.000051      0.000195      0.000000      0.022410      0.040039     0.200000
 1906.00     1      0.000046      0.000175      0.000000      0.021751      0.036426     0.500000
 1906.00     2      0.000041      0.000154      0.000000      0.019838      0.030031     0.300000
 1906.00     3      0.000073      0.000238      0.000000      0.022718      0.034263     5.100000
 1906.00     4      0.000116      0.000488      0.000000      0.026824      0.063361     2.000000
 1906.00     5      0.000419      0.000893      0.000000      0.024808      0.166297    11.200001
 1906.00     6      0.000100      0.000346      0.000000      0.028763      0.053105     1.300000
 1906.00     7      0.000147      0.000453      0.000000      0.028690      0.052826     7.400000
 1906.00     8      0.000070      0.000294      0.000000      0.028184      0.029958     2.100000
 1906.00     9      0.000049      0.000204      0.000000      0.025925      0.024181     0.900000
 1906.00    10      0.000043      0.000180      0.000000      0.024631      0.027717     1.200000
 1906.00    11      0.000037      0.000146      0.000000      0.021974      0.026903     0.600000
 1906.00    12      0.000034      0.000115      0.000000      0.021231      0.026390     0.900000
 1907.00     1      0.000029      0.000109      0.000000      0.019430      0.024503     0.500000
 1907.00     2      0.000024      0.000101      0.000000      0.017164      0.020495     0.000000
 1907.00     3      0.000029      0.000120      0.000000      0.020536      0.022692     0.700000
 1907.00     4      0.000036      0.000150      0.000000      0.020669      0.023044     0.500000
 1907.00     5      0.000211      0.000259      0.000000      0.019583      0.030695     8.599999
 1907.00     6      0.000112      0.000249      0.000000      0.019772      0.037387     8.500000
 1907.00     7      0.000310      0.000546      0.000000      0.023553      0.055839     7.100000
 1907.00     8      0.000118      0.000448      0.000000      0.026479      0.068325     0.000000
 1907.00     9      0.000248      0.000699      0.000000      0.023316      0.109553     4.000000
 1907.00    10      0.000089      0.000387      0.000000      0.026804      0.046143     1.400000
 1907.00    11      0.000055      0.000204      0.000000      0.022434      0.038207     1.200000
 1907.00    12      0.000045      0.000169      0.000000      0.021398      0.035414     0.900000
 1908.00     1      0.000039      0.000157      0.000000      0.020746      0.031335     0.000000
 1908.00     2      0.000036      0.000146      0.000000      0.019779      0.025688     0.100000
 1908.00     3      0.000121      0.000248      0.000000      0.015394      0.032015     7.500000
 1908.00     4      0.000146      0.000268      0.000000      0.019014      0.047566     6.800000
 1908.00     5      0.000296      0.000478      0.000000      0.023670      0.060066    10.299999
 1908.00     6      0.000306      0.000574      0.000000      0.024471      0.099023     7.500000
 1908.00     7      0.000174      0.000415      0.000000      0.027862      0.060711     7.400000
 1908.00     8      0.000061      0.000274      0.000000      0.028448      0.028065     0.900000
 1908.00     9      0.000043      0.000179      0.000000      0.025615      0.022249     0.400000
 1908.00    10      0.000037      0.000154      0.000000      0.024308      0.024165     0.300000
 1908.00    11      0.000033      0.000103      0.000000      0.021834      0.023752     4.400000
 1908.00    12      0.000038      0.000044      0.000000      0.019647      0.023916     1.600000
 1909.00     1      0.000036      0.000076      0.000000      0.018994      0.023578     0.800000
 1909.00     2      0.000027      0.000101      0.000000      0.018901      0.021149     1.100000
 1909.00     3      0.000036      0.000162      0.000000      0.019193      0.023308     4.200000
 1909.00     4      0.000115      0.000182      0.000000      0.016320      0.026611     5.300000
 1909.00     5      0.000081      0.000305      0.000000      0.022298      0.039776     2.800000
 1909.00     6      0.000095      0.000280      0.000000      0.022496      0.044984     6.700000
 1909.00     7      0.000093      0.000454      0.000000      0.026412      0.055612     2.600000
 1909.00     8      0.000134      0.000544      0.000000      0.026100      0.073677     3.500000
 1909.00     9      0.000113      0.000469      0.000000      0.026175      0.071172     0.600000
 1909.00    10      0.000426      0.000923      0.000000      0.017374      0.098231     6.900000
 1909.00    11      0.000069      0.000240      0.000000      0.022304      0.048600     0.000000
 1909.00    12      0.000056      0.000170      0.000000      0.021338      0.044951     1.200000
 1910.00     1      0.000048      0.000122      0.000000      0.020729      0.039836     1.200000
 1910.00     2      0.000040      0.000127      0.000000      0.018903      0.032145     0.100000
 1910.00     3      0.000051      0.000208      0.000000      0.023876      0.033919     0.300000
 1910.00     4      0.000150      0.000447      0.000000      0.024556      0.065230     4.400000
 1910.00     5      0.000203      0.000617      0.000000      0.028897      0.107701     3.300000
 1910.00     6      0.000116      0.000586      0.000000      0.029232      0.061513     3.500000
 1910.00     7      0.000207      0.000791      0.000000      0.027703      0.077321     6.200000
 1910.00     8      0.000056      0.000228      0.000000      0.027903      0.025635     0.000000
 1910.00     9      0.000054      0.000253      0.000000      0.025368      0.027111     3.500000
 1910.00    10      0.000044      0.000162      0.000000      0.023354      0.028542     1.800000
 1910.00    11      0.000045      0.000064      0.000000      0.020558      0.027954     3.200000
 1910.00    12      0.000045      0.000083      0.000000      0.019368      0.028497     1.900000
 1911.00     1      0.000034      0.000130      0.000000      0.020244      0.027072     0.200000
 1911.00     2      0.000029      0.000094      0.000000      0.018714      0.022901     0.900000
 1911.00     3      0.000033      0.000136      0.000000      0.021484      0.025248     0.700000
 1911.00     4      0.000084      0.000174      0.000000      0.018204      0.027186     6.000000
 1911.00     5      0.000077      0.000311      0.000000      0.022399      0.035621     3.800000
 1911.00     6      0.000087      0.000287      0.000000      0.023442      0.040620     4.800000
 1911.00     7      0.000074      0.000311      0.000000      0.026615      0.045219     0.600000
 1911.00     8      0.000081      0.000380      0.000000      0.026656      0.049689     1.100000
 1911.00     9      0.000103      0.000432      0.000000      0.026108      0.062493     0.900000
 1911.00    10      0.000104      0.000470      0.000000      0.026492      0.053306     3.500000
 1911.00    11      0.000069      0.000194      0.000000      0.021801      0.042323     2.600000
 1911.00    12      0.000051      0.000154      0.000000      0.021369      0.039863     0.900000
 1912.00     1      0.000044      0.000129      0.000000      0.021077      0.035491     0.900000
 1912.00     2      0.000045      0.000133      0.000000      0.019954      0.029470     4.000000
 1912.00     3      0.000064      0.000209      0.000000      0.022675      0.033157     2.600000
 1912.00     4      0.000084      0.000389      0.000000      0.025647      0.047682     1.700000
 1912.00     5      0.000685      0.000920      0.000000      0.022714      0.162051    11.000000
 1912.00     6      0.000142      0.000570      0.000000      0.030059      0.069366     4.300000
 1912.00     7      0.000058      0.000223      0.000000      0.029863      0.024866     0.700000
 1912.00     8      0.000063      0.000236      0.000000      0.027188      0.021832     4.000000
 1912.00     9      0.000038      0.000167      0.000000      0.025363      0.018380     0.800000
 1912.00    10      0.000034      0.000157      0.000000      0.023818      0.021155     2.100000
 1912.00    11      0.000050      0.000117      0.000000      0.019744      0.023000     3.200000
 1912.00    12      0.000032      0.000075      0.000000      0.021178      0.023726     2.400000
 1913.00     1      0.000038      0.000048      0.000000      0.019046      0.022773     1.900000
 1913.00     2      0.000028      0.000099      0.000000      0.018404      0.020856     0.800000
 1913.00     3      0.000029      0.000123      0.000000      0.020655      0.022520     3.300000
 1913.00     4      0.000040      0.000180      0.000000      0.021004      0.023302     1.600000
 1913.00     5      0.000169      0.000292      0.000000      0.020372      0.030404     8.600000
 1913.00     6      0.000070      0.000293      0.000000      0.024899      0.038232     2.600000
 1913.00     7      0.000097      0.000324      0.000000      0.026002      0.050887     2.800000
 1913.00     8      0.000101      0.000445      0.000000      0.026553      0.056034     2.400000
 1913.00     9      0.000211      0.000586      0.000000      0.023563      0.096231     3.700000
 1913.00    10      0.000090      0.000366      0.000000      0.027472      0.048339     0.100000
 1913.00    11      0.000048      0.000193      0.000000      0.023287      0.033335     0.800000
 1913.00    12      0.000042      0.000107      0.000000      0.021618      0.031197     1.900000
 1914.00     1      0.000036      0.000126      0.000000      0.020755      0.027756     1.600000
 1914.00     2      0.000034      0.000080      0.000000      0.018818      0.023019     1.400000
 1914.00     3      0.000042      0.000161      0.000000      0.024073      0.024538     0.600000
 1914.00     4      0.000073      0.000323      0.000000      0.026078      0.038022     1.500000
 1914.00     5      0.000134      0.000624      0.000000      0.029531      0.077172     2.600000
 1914.00     6      0.000342      0.000633      0.000000      0.027643      0.100162     6.400000
 1914.00     7      0.000186      0.000254      0.000000      0.025115      0.018896     7.300000
 1914.00     8      0.000095      0.000377      0.000000      0.026949      0.040684     2.700000
 1914.00     9      0.000104      0.000338      0.000000      0.021820      0.033058     4.700000
 1914.00    10      0.000046      0.000196      0.000000      0.024348      0.031018     0.700000
 1914.00    11      0.000038      0.000165      0.000000      0.021522      0.029388     0.500000
 1914.00    12      0.000034      0.000103      0.000000      0.020608      0.028253     0.600000
 1915.00     1      0.000035      0.000114      0.000000      0.019883      0.026159     2.000000
 1915.00     2      0.000027      0.000098      0.000000      0.018082      0.022204     0.800000
 1915.00     3      0.000255      0.000076      0.000000      0.008552      0.025276    11.900000
 1915.00     4      0.000080      0.000235      0.000000      0.016150      0.028240     2.800000
 1915.00     5      0.000073      0.000268      0.000000      0.021964      0.035880     4.000000
 1915.00     6      0.000078      0.000265      0.000000      0.023272      0.039266     0.700000
 1915.00     7      0.000094      0.000366      0.000000      0.026228      0.052332     4.700000
 1915.00     8      0.000085      0.000317      0.000000      0.026280      0.050187     4.100000
 1915.00     9      0.000196      0.000796      0.000000      0.026095      0.103271     4.100000
 1915.00    10      0.000115      0.000395      0.000000      0.026700      0.058647     1.200000
 1915.00    11      0.000061      0.000190      0.000000      0.022845      0.035015     2.800000
 1915.00    12      0.000041      0.000119      0.000000      0.021633      0.032102     0.600000
 1916.00     1      0.000034      0.000141      0.000000      0.020168      0.027972     0.900000
 1916.00     2      0.000031      0.000127      0.000000      0.019784      0.022509     0.000000
 1916.00     3      0.000041      0.000166      0.000000      0.024164      0.024820     0.400000
 1916.00     4      0.000065      0.000241      0.000000      0.025473      0.028332     2.800000
 1916.00     5      0.000156      0.000641      0.000000      0.029205      0.088011     5.000000
 1916.00     6      0.000255      0.000728      0.000000      0.029354      0.124386     6.300000
 1916.00     7      0.000178      0.000449      0.000000      0.026321      0.055654     8.400001
 1916.00     8      0.000115      0.000325      0.000000      0.026081      0.047005     3.200000
 1916.00     9      0.000056      0.000263      0.000000      0.025439      0.028765     2.400000
 1916.00    10      0.000041      0.000161      0.000000      0.024396      0.028264     1.400000
 1916.00    11      0.000065      0.000086      0.000000      0.017018      0.027540     4.900000
 1916.00    12      0.000047      0.000131      0.000000      0.018364      0.028804     0.000000
 1917.00     1      0.000037      0.000097      0.000000      0.019537      0.027214     1.700000
 1917.00     2      0.000029      0.000122      0.000000      0.019248      0.023831     0.100000
 1917.00     3      0.000159      0.000197      0.000000      0.011741      0.027070     8.700000
 1917.00     4      0.000131      0.000258      0.000000      0.017971      0.031781     4.300000
 1917.00     5      0.000070      0.000316      0.000000      0.024025      0.041648     2.500000
 1917.00     6      0.000078      0.000308      0.000000      0.023904      0.045960     3.500000
 1917.00     7      0.000091      0.000356      0.000000      0.026025      0.053571     3.700000
 1917.00     8      0.000249      0.000380      0.000000      0.023284      0.055211     8.000000
 1917.00     9      0.000133      0.000529      0.000000      0.026443      0.085356     0.000000
 1917.00    10      0.000106      0.000423      0.000000      0.027410      0.062527     0.700000
 1917.00    11      0.000061      0.000159      0.000000      0.022458      0.039767     4.400000
 1917.00    12      0.000073      0.000104      0.000000      0.017178      0.039479     1.200000
 1918.00     1      0.000048      0.000115      0.000000      0.019839      0.036428     0.800000
 1918.00     2      0.000044      0.000112      0.000000      0.018630      0.030158     2.400000
 1918.00     3      0.000049      0.000224      0.000000      0.023641      0.031853     1.500000
 1918.00     4      0.000095      0.000283      0.000000      0.023583      0.036080     5.200000
 1918.00     5      0.000132      0.000474      0.000000      0.029258      0.075064     4.200000
 1918.00     6      0.000198      0.000508      0.000000      0.029024      0.089188     5.500000
 1918.00     7      0.000056      0.000283      0.000000      0.029585      0.026474     1.300000
 1918.00     8      0.000047      0.000219      0.000000      0.027711      0.017857     2.600000
 1918.00     9      0.000043      0.000169      0.000000      0.024559      0.018646     3.900000
 1918.00    10      0.000051      0.000147      0.000000      0.021340      0.022462     5.300000
 1918.00    11      0.000050      0.000098      0.000000      0.016821      0.024415     2.700000
 1918.00    12      0.000035      0.000058      0.000000      0.020156      0.025163     0.300000
 1919.00     1      0.000029      0.000014      0.000000      0.020039      0.023557     1.100000
 1919.00     2      0.000025      0.000083      0.000000      0.017407      0.019898     1.900000
 1919.00     3      0.000028      0.000113      0.000000      0.020806      0.022231     0.600000
 1919.00     4      0.000048      0.000214      0.000000      0.020442      0.023346     3.800000
 1919.00     5      0.000053      0.000238      0.000000      0.023618      0.031038     1.400000
 1919.00     6      0.000070      0.000393      0.000000      0.024549      0.036798     2.700000
 1919.00     7      0.000065      0.000309      0.000000      0.026366      0.039933     1.400000
 1919.00     8      0.000083      0.000352      0.000000      0.026698      0.049225     2.400000
 1919.00     9      0.000114      0.000537      0.000000      0.026494      0.065799     1.700000
 1919.00    10      0.000172      0.000495      0.000000      0.025855      0.079608     4.000000
 1919.00    11      0.000056      0.000150      0.000000      0.022094      0.032963     2.800000
 1919.00    12      0.000039      0.000132      0.000000      0.021590      0.030664     1.000000
 1920.00     1      0.000034      0.000109      0.000000      0.021395      0.026708     0.200000
 1920.00     2      0.000034      0.000109      0.000000      0.020365      0.021708     1.900000
 1920.00     3      0.000041      0.000149      0.000000      0.024534      0.023410     1.000000
 1920.00     4      0.000062      0.000198      0.000000      0.024255      0.025101     6.600000
 1920.00     5      0.000296      0.000402      0.000000      0.017135      0.067647    11.300000
 1920.00     6      0.000403      0.000530      0.000000      0.022020      0.085714    10.000000
 1920.00     7      0.000056      0.000216      0.000000      0.029854      0.021341     2.000000
 1920.00     8      0.000034      0.000141      0.000000      0.027933      0.013253     0.000000
 1920.00     9      0.000061      0.000173      0.000000      0.021433      0.018193     6.400000
 1920.00    10      0.000046      0.000144      0.000000      0.021449      0.021284     1.200000
 1920.00    11      0.000028      0.000118      0.000000      0.021410      0.021002     1.000000
 1920.00    12      0.000026      0.000099      0.000000      0.020927      0.020604     0.200000
 1921.00     1      0.000023      0.000080      0.000000      0.019671      0.019396     1.700000
 1921.00     2      0.000022      0.000068      0.000000      0.019229      0.017205     0.300000
 1921.00     3      0.000029      0.000101      0.000000      0.019073      0.019509     2.800000
 1921.00     4      0.000034      0.000151      0.000000      0.021000      0.020992     1.800000
 1921.00     5      0.000133      0.000204      0.000000      0.020618      0.027464     6.800000
 1921.00     6      0.000058      0.000230      0.000000      0.024230      0.032468     3.600000
 1921.00     7      0.000078      0.000281      0.000000      0.026468      0.044004     4.500000
 1921.00     8      0.000073      0.000329      0.000000      0.026553      0.043650     2.000000
 1921.00     9      0.000281      0.000625      0.000000      0.022283      0.109735     6.400000
 1921.00    10      0.000115      0.000411      0.000000      0.026929      0.057345     0.900000
 1921.00    11      0.000038      0.000130      0.000000      0.022884      0.026308     1.000000
 1921.00    12      0.000031      0.000123      0.000000      0.021416      0.023760     0.000000
 1922.00     1      0.000029      0.000077      0.000000      0.021144      0.020642     1.700000
 1922.00     2      0.000025      0.000092      0.000000      0.019638      0.016619     1.100000
 1922.00     3      0.000034      0.000098      0.000000      0.024078      0.017996     1.200000
 1922.00     4      0.000081      0.000348      0.000000      0.023706      0.024865     4.400000
 1922.00     5      0.000120      0.000488      0.000000      0.029069      0.060278     3.400000
 1922.00     6      0.000179      0.000520      0.000000      0.029868      0.081512     6.500000
 1922.00     7      0.000118      0.000206      0.000000      0.026527      0.019460     6.500000
 1922.00     8      0.000283      0.000440      0.000000      0.017826      0.071878     8.100000
 1922.00     9      0.000079      0.000304      0.000000      0.025161      0.034440     2.200000
 1922.00    10      0.000063      0.000150      0.000000      0.022154      0.029869     4.500000
 1922.00    11      0.000069      0.000118      0.000000      0.016731      0.031287     1.400000
 1922.00    12      0.000044      0.000121      0.000000      0.020251      0.031559     1.000000
 1923.00     1      0.000036      0.000136      0.000000      0.020224      0.029376     0.400000
 1923.00     2      0.000030      0.000123      0.000000      0.018535      0.024643     0.400000
 1923.00     3      0.000036      0.000125      0.000000      0.020465      0.027143     3.600000
 1923.00     4      0.000051      0.000182      0.000000      0.020774      0.028104     4.600000
 1923.00     5      0.000081      0.000317      0.000000      0.022693      0.036916     5.000000
 1923.00     6      0.000058      0.000229      0.000000      0.023954      0.039220     1.700000
 1923.00     7      0.000107      0.000390      0.000000      0.025943      0.056668     4.000000
 1923.00     8      0.000111      0.000375      0.000000      0.026226      0.064246     0.900000
 1923.00     9      0.000189      0.000740      0.000000      0.026476      0.106424     2.400000
 1923.00    10      0.000157      0.000484      0.000000      0.025913      0.072501     4.800000
 1923.00    11      0.000072      0.000197      0.000000      0.020862      0.034151     1.400000
 1923.00    12      0.000044      0.000109      0.000000      0.022249      0.032180     1.900000
 1924.00     1      0.000037      0.000150      0.000000      0.021775      0.028070     0.800000
 1924.00     2      0.000032      0.000130      0.000000      0.020520      0.022449     0.100000
 1924.00     3      0.000044      0.000189      0.000000      0.024754      0.024430     1.700000
 1924.00     4      0.000279      0.000247      0.000000      0.020421      0.033957    16.599998
 1924.00     5      0.000247      0.000402      0.000000      0.025517      0.053093     4.400000
 1924.00     6      0.000113      0.000364      0.000000      0.028178      0.041436     4.100000
 1924.00     7      0.000030      0.000121      0.000000      0.027167      0.005963     5.000000
 1924.00     8      0.000097      0.000283      0.000000      0.025650      0.032374     6.600000
 1924.00     9      0.000086      0.000232      0.000000      0.022817      0.031048     5.600000
 1924.00    10      0.000036      0.000135      0.000000      0.023829      0.022847     0.900000
 1924.00    11      0.000030      0.000108      0.000000      0.022014      0.022179     0.900000
 1924.00    12      0.000027      0.000110      0.000000      0.021197      0.021786     0.300000
 1925.00     1      0.000025      0.000100      0.000000      0.020524      0.020713     0.400000
 1925.00     2      0.000023      0.000091      0.000000      0.019142      0.018417     0.400000
 1925.00     3      0.000028      0.000117      0.000000      0.021178      0.020910     3.100000
 1925.00     4      0.000037      0.000155      0.000000      0.021429      0.022704     1.500000
 1925.00     5      0.000140      0.000262      0.000000      0.021172      0.030498     7.800000
 1925.00     6      0.000058      0.000238      0.000000      0.024647      0.034648     2.500000
 1925.00     7      0.000066      0.000272      0.000000      0.026944      0.041336     0.300000
 1925.00     8      0.000081      0.000391      0.000000      0.027247      0.050425     1.900000
 1925.00     9      0.000278      0.000727      0.000000      0.023117      0.118195     4.400000
 1925.00    10      0.000092      0.000352      0.000000      0.026878      0.049211     1.800000
 1925.00    11      0.000045      0.000130      0.000000      0.022079      0.031204     1.600000
 1925.00    12      0.000034      0.000126      0.000000      0.020703      0.028501     0.800000
 1926.00     1      0.000031      0.000096      0.000000      0.020722      0.024829     1.400000
 1926.00     2      0.000027      0.000079      0.000000      0.019205      0.020089     0.900000
 1926.00     3      0.000034      0.000130      0.000000      0.023512      0.021613     2.000000
 1926.00     4      0.000116      0.000290      0.000000      0.022599      0.039273     6.900000
 1926.00     5      0.000295      0.000426      0.000000      0.025647      0.066606     9.400000
 1926.00     6      0.000073      0.000234      0.000000      0.029198      0.027783     2.700000
 1926.00     7      0.000227      0.000465      0.000000      0.028682      0.058089     9.300000
 1926.00     8      0.000047      0.000198      0.000000      0.028416      0.020989     1.400000
 1926.00     9      0.000041      0.000181      0.000000      0.025568      0.018697     2.600000
 1926.00    10      0.000031      0.000129      0.000000      0.024430      0.020282     0.800000
 1926.00    11      0.000029      0.000103      0.000000      0.022100      0.020089     2.500000
 1926.00    12      0.000024      0.000100      0.000000      0.020762      0.019796     0.100000
 1927.00     1      0.000023      0.000086      0.000000      0.019883      0.018684     1.100000
 1927.00     2      0.000019      0.000077      0.000000      0.017759      0.015926     0.900000
 1927.00     3      0.000023      0.000080      0.000000      0.019923      0.018367     1.600000
 1927.00     4      0.000031      0.000129      0.000000      0.021089      0.019569     0.000000
 1927.00     5      0.000049      0.000196      0.000000      0.022407      0.025817     4.200000
 1927.00     6      0.000054      0.000198      0.000000      0.024278      0.029507     3.700000
 1927.00     7      0.000058      0.000241      0.000000      0.026833      0.034830     0.400000
 1927.00     8      0.000118      0.000378      0.000000      0.024790      0.055226     5.000000
 1927.00     9      0.000095      0.000398      0.000000      0.026442      0.055006     1.800000
 1927.00    10      0.000075      0.000293      0.000000      0.026324      0.041250     2.900000
 1927.00    11      0.000051      0.000139      0.000000      0.022318      0.033949     1.100000
 1927.00    12      0.000039      0.000158      0.000000      0.021600      0.031924     0.000000
 1928.00     1      0.000035      0.000145      0.000000      0.021481      0.028651     0.100000
 1928.00     2      0.000031      0.000111      0.000000      0.019524      0.023588     1.600000
 1928.00     3      0.000103      0.000185      0.000000      0.018822      0.026653     6.300000
 1928.00     4      0.000217      0.000446      0.000000      0.023434      0.050055     6.100000
 1928.00     5      0.000217      0.000562      0.000000      0.027058      0.055649     5.400000
 1928.00     6      0.000082      0.000300      0.000000      0.029825      0.032106     4.699999
 1928.00     7      0.000028      0.000125      0.000000      0.028666      0.008249     0.800000
 1928.00     8      0.000183      0.000245      0.000000      0.026241      0.018292     6.600000
 1928.00     9      0.000058      0.000217      0.000000      0.023895      0.026272     0.300000
 1928.00    10      0.000031      0.000124      0.000000      0.024587      0.020359     0.300000
 1928.00    11      0.000027      0.000101      0.000000      0.021703      0.020019     0.700000
 1928.00    12      0.000024      0.000086      0.000000      0.020937      0.019547     1.100000
 1929.00     1      0.000023      0.000065      0.000000      0.020024      0.018344     3.100000
 1929.00     2      0.000028      0.000063      0.000000      0.017567      0.016824     1.200000
 1929.00     3      0.000026      0.000103      0.000000      0.019944      0.018644     4.300000
 1929.00     4      0.000050      0.000172      0.000000      0.018714      0.020384     4.400000
 1929.00     5      0.000104      0.000219      0.000000      0.019259      0.031533     6.000000
 1929.00     6      0.000054      0.000235      0.000000      0.024357      0.034241     1.500000
 1929.00     7      0.000067      0.000296      0.000000      0.026899      0.040687     2.600000
 1929.00     8      0.000082      0.000374      0.000000      0.026702      0.048892     2.100000
 1929.00     9      0.000119      0.000544      0.000000      0.026611      0.071845     1.600000
 1929.00    10      0.000095      0.000410      0.000000      0.027258      0.056059     1.100000
 1929.00    11      0.000041      0.000151      0.000000      0.023266      0.029450     1.000000
 1929.00    12      0.000035      0.000134      0.000000      0.022413      0.027493     0.200000
 1930.00     1      0.000032      0.000120      0.000000      0.021754      0.024927     0.500000
 1930.00     2      0.000028      0.000106      0.000000      0.019842      0.020496     0.300000
 1930.00     3      0.000051      0.000166      0.000000      0.022718      0.023617     5.100000
 1930.00     4      0.000078      0.000329      0.000000      0.026818      0.040976     2.000000
 1930.00     5      0.000276      0.000593      0.000000      0.024796      0.103677    11.200001
 1930.00     6      0.000067      0.000235      0.000000      0.029319      0.032155     1.300000
 1930.00     7      0.000089      0.000274      0.000000      0.028929      0.025587     7.400000
 1930.00     8      0.000047      0.000197      0.000000      0.028225      0.019832     2.100000
 1930.00     9      0.000034      0.000139      0.000000      0.025954      0.016480     0.900000
 1930.00    10      0.000030      0.000125      0.000000      0.024647      0.019253     1.200000
 1930.00    11      0.000026      0.000103      0.000000      0.021983      0.018985     0.600000
 1930.00    12      0.000024      0.000081      0.000000      0.021240      0.018734     0.900000
 1931.00     1      0.000021      0.000078      0.000000      0.019438      0.017553     0.500000
 1931.00     2      0.000018      0.000072      0.000000      0.017171      0.014809     0.000000
 1931.00     3      0.000021      0.000088      0.000000      0.020544      0.016876     0.700000
 1931.00     4      0.000027      0.000113      0.000000      0.020673      0.017680     0.500000
 1931.00     5      0.000157      0.000194      0.000000      0.019575      0.024038     8.599999
 1931.00     6      0.000083      0.000185      0.000000      0.019755      0.029122     8.500000
 1931.00     7      0.000227      0.000405      0.000000      0.023553      0.043120     7.100000
 1931.00     8      0.000088      0.000334      0.000000      0.026481      0.052289     0.000000
 1931.00     9      0.000185      0.000520      0.000000      0.023316      0.082829     4.000000
 1931.00    10      0.000064      0.000278      0.000000      0.026815      0.032962     1.400000
 1931.00    11      0.000039      0.000144      0.000000      0.022436      0.026883     1.200000
 1931.00    12      0.000032      0.000119      0.000000      0.021400      0.024736     0.900000
 1932.00     1      0.000027      0.000110      0.000000      0.020747      0.021779     0.000000
 1932.00     2      0.000025      0.000103      0.000000      0.019782      0.017797     0.100000
 1932.00     3      0.000086      0.000177      0.000000      0.015372      0.022190     7.500000
 1932.00     4      0.000104      0.000191      0.000000      0.018931      0.032664     6.800000
 1932.00     5      0.000210      0.000344      0.000000      0.023695      0.041131    10.299999
 1932.00     6      0.000236      0.000449      0.000000      0.024402      0.079293     7.500000
 1932.00     7      0.000133      0.000320      0.000000      0.028235      0.049024     7.400000
 1932.00     8      0.000044      0.000195      0.000000      0.028505      0.020592     0.900000
 1932.00     9      0.000031      0.000128      0.000000      0.025637      0.016277     0.400000
 1932.00    10      0.000027      0.000112      0.000000      0.024331      0.017831     0.300000
 1932.00    11      0.000024      0.000076      0.000000      0.021848      0.017718     4.400000
 1932.00    12      0.000028      0.000032      0.000000      0.019638      0.017873     1.600000
 1933.00     1      0.000027      0.000056      0.000000      0.018975      0.017730     0.800000
 1933.00     2      0.000020      0.000076      0.000000      0.018907      0.016012     1.100000
 1933.00     3      0.000027      0.000123      0.000000      0.019205      0.018170     4.200000
 1933.00     4      0.000086      0.000139      0.000000      0.016322      0.021171     5.300000
 1933.00     5      0.000062      0.000235      0.000000      0.022300      0.031866     2.800000
 1933.00     6      0.000072      0.000215      0.000000      0.022493      0.036103     6.700000
 1933.00     7      0.000071      0.000350      0.000000      0.026417      0.044494     2.600000
 1933.00     8      0.000103      0.000418      0.000000      0.026103      0.058513     3.500000
 1933.00     9      0.000087      0.000359      0.000000      0.026181      0.055545     0.600000
 1933.00    10      0.000316      0.000687      0.000000      0.017372      0.072134     6.900000
 1933.00    11      0.000049      0.000172      0.000000      0.022305      0.034623     0.000000
 1933.00    12      0.000039      0.000120      0.000000      0.021340      0.031801     1.200000
 1934.00     1      0.000034      0.000086      0.000000      0.020731      0.028011     1.200000
 1934.00     2      0.000028      0.000090      0.000000      0.018903      0.022489     0.100000
 1934.00     3      0.000036      0.000149      0.000000      0.023875      0.023966     0.300000
 1934.00     4      0.000107      0.000320      0.000000      0.024554      0.045104     4.400000
 1934.00     5      0.000145      0.000440      0.000000      0.028958      0.074039     3.300000
 1934.00     6      0.000078      0.000394      0.000000      0.029559      0.036816     3.500000
 1934.00     7      0.000133      0.000511      0.000000      0.027884      0.044775     6.200000
 1934.00     8      0.000039      0.000161      0.000000      0.027909      0.017714     0.000000
 1934.00     9      0.000039      0.000181      0.000000      0.025379      0.019334     3.500000
 1934.00    10      0.000032      0.000117      0.000000      0.023364      0.020774     1.800000
 1934.00    11      0.000033      0.000047      0.000000      0.020562      0.020650     3.200000
 1934.00    12      0.000033      0.000061      0.000000      0.019368      0.021139     1.900000
 1935.00     1      0.000025      0.000096      0.000000      0.020248      0.020186     0.200000
 1935.00     2      0.000022      0.000070      0.000000      0.018719      0.017168     0.900000
 1935.00     3      0.000025      0.000103      0.000000      0.021485      0.019313     0.700000
 1935.00     4      0.000064      0.000132      0.000000      0.018207      0.021167     6.000000
 1935.00     5      0.000059      0.000239      0.000000      0.022401      0.028154     3.800000
 1935.00     6      0.000066      0.000220      0.000000      0.023443      0.032136     4.800000
 1935.00     7      0.000057      0.000239      0.000000      0.026618      0.035783     0.600000
 1935.00     8      0.000063      0.000293      0.000000      0.026659      0.039243     1.100000
 1935.00     9      0.000079      0.000331      0.000000      0.026111      0.048548     0.900000
 1935.00    10      0.000078      0.000351      0.000000      0.026494      0.039661     3.500000
 1935.00    11      0.000051      0.000142      0.000000      0.021802      0.031019     2.600000
 1935.00    12      0.000037      0.000113      0.000000      0.021370      0.029012     0.900000
 1936.00     1      0.000032      0.000093      0.000000      0.021080      0.025693     0.900000
 1936.00     2      0.000033      0.000097      0.000000      0.019956      0.021241     4.000000
 1936.00     3      0.000047      0.000153      0.000000      0.022676      0.023933     2.600000
 1936.00     4      0.000060      0.000280      0.000000      0.025650      0.033281     1.700000
 1936.00     5      0.000496      0.000651      0.000000      0.022736      0.109599    11.000000
 1936.00     6      0.000109      0.000446      0.000000      0.030476      0.051547     4.300000
 1936.00     7      0.000038      0.000147      0.000000      0.030397      0.012265     0.700000
 1936.00     8      0.000047      0.000174      0.000000      0.027266      0.016970     4.000000
 1936.00     9      0.000028      0.000123      0.000000      0.025383      0.013932     0.800000
 1936.00    10      0.000025      0.000117      0.000000      0.023829      0.016149     2.100000
 1936.00    11      0.000038      0.000087      0.000000      0.019728      0.017606     3.200000
 1936.00    12      0.000024      0.000057      0.000000      0.021180      0.018160     2.400000
 1937.00     1      0.000028      0.000036      0.000000      0.019030      0.017514     1.900000
 1937.00     2      0.000022      0.000075      0.000000      0.018400      0.016089     0.800000
 1937.00     3      0.000023      0.000096      0.000000      0.020650      0.017753     3.300000
 1937.00     4      0.000032      0.000141      0.000000      0.021004      0.018783     1.600000
 1937.00     5      0.000130      0.000227      0.000000      0.020353      0.024850     8.600000
 1937.00     6      0.000055      0.000229      0.000000      0.024898      0.031129     2.600000
 1937.00     7      0.000076      0.000254      0.000000      0.026003      0.041205     2.800000
 1937.00     8      0.000079      0.000348      0.000000      0.026555      0.045075     2.400000
 1937.00     9      0.000165      0.000458      0.000000      0.023562      0.076577     3.700000
 1937.00    10      0.000068      0.000279      0.000000      0.027488      0.036902     0.100000
 1937.00    11      0.000036      0.000144      0.000000      0.023292      0.024830     0.800000
 1937.00    12      0.000031      0.000080      0.000000      0.021620      0.023101     1.900000
 1938.00     1      0.000027      0.000093      0.000000      0.020756      0.020457     1.600000
 1938.00     2      0.000025      0.000059      0.000000      0.018817      0.016917     1.400000
 1938.00     3      0.000031      0.000120      0.000000      0.024081      0.018122     0.600000
 1938.00     4      0.000054      0.000241      0.000000      0.026094      0.027575     1.500000
 1938.00     5      0.000096      0.000444      0.000000      0.029531      0.052100     2.600000
 1938.00     6      0.000256      0.000478      0.000000      0.027852      0.071458     6.400000
 1938.00     7      0.000133      0.000176      0.000000      0.025715      0.011012     7.300000
 1938.00     8      0.000068      0.000268      0.000000      0.026964      0.027880     2.700000
 1938.00     9      0.000077      0.000249      0.000000      0.021816      0.024000     4.700000
 1938.00    10      0.000034      0.000146      0.000000      0.024352      0.022932     0.700000
 1938.00    11      0.000028      0.000124      0.000000      0.021532      0.022015     0.500000
 1938.00    12      0.000026      0.000077      0.000000      0.020614      0.021285     0.600000
 1939.00     1      0.000026      0.000086      0.000000      0.019884      0.019842     2.000000
 1939.00     2      0.000021      0.000075      0.000000      0.018087      0.016942     0.800000
 1939.00     3      0.000195      0.000059      0.000000      0.008551      0.019653    11.900000
 1939.00     4      0.000062      0.000184      0.000000      0.016150      0.022334     2.800000
 1939.00     5      0.000058      0.000211      0.000000      0.021968      0.028915     4.000000
 1939.00     6      0.000063      0.000216      0.000000      0.023274      0.031862     0.700000
 1939.00     7      0.000078      0.000304      0.000000      0.026230      0.043378     4.700000
 1939.00     8      0.000070      0.000263      0.000000      0.026282      0.041566     4.100000
 1939.00     9      0.000155      0.000636      0.000000      0.026096      0.080580     4.100000
 1939.00    10      0.000082      0.000279      0.000000      0.026693      0.038587     1.200000
 1939.00    11      0.000041      0.000125      0.000000      0.022845      0.020892     2.800000
 1939.00    12      0.000024      0.000071      0.000000      0.021627      0.017898     0.600000
 1940.00     1      0.000019      0.000078      0.000000      0.020166      0.014564     0.900000
 1940.00     2      0.000018      0.000073      0.000000      0.019764      0.011060     0.000000
 1940.00     3      0.000026      0.000103      0.000000      0.024125      0.012429     0.400000
 1940.00     4      0.000042      0.000154      0.000000      0.025416      0.012576     2.800000
 1940.00     5      0.000074      0.000302      0.000000      0.029011      0.024659     5.000000
 1940.00     6      0.000146      0.000419      0.000000      0.029353      0.053625     6.300000
 1940.00     7      0.000090      0.000228      0.000000      0.026360      0.019777     8.400001
 1940.00     8      0.000073      0.000211      0.000000      0.026174      0.028607     3.200000
 1940.00     9      0.000039      0.000179      0.000000      0.025441      0.019415     2.400000
 1940.00    10      0.000029      0.000115      0.000000      0.024391      0.019841     1.400000
 1940.00    11      0.000046      0.000061      0.000000      0.017019      0.019745     4.900000
 1940.00    12      0.000033      0.000094      0.000000      0.018379      0.020739     0.000000
 1941.00     1      0.000027      0.000070      0.000000      0.019548      0.019734     1.700000
 1941.00     2      0.000022      0.000090      0.000000      0.019247      0.017433     0.100000
 1941.00     3      0.000117      0.000146      0.000000      0.011765      0.020291     8.700000
 1941.00     4      0.000097      0.000195      0.000000      0.018022      0.024353     4.300000
 1941.00     5      0.000053      0.000241      0.000000      0.024020      0.032573     2.500000
 1941.00     6      0.000062      0.000246      0.000000      0.023914      0.036332     3.500000
 1941.00     7      0.000073      0.000286      0.000000      0.026038      0.043242     3.700000
 1941.00     8      0.000214      0.000316      0.000000      0.023288      0.044911     8.000000
 1941.00     9      0.000104      0.000411      0.000000      0.026439      0.063775     0.000000
 1941.00    10      0.000072      0.000288      0.000000      0.027394      0.037234     0.700000
 1941.00    11      0.000039      0.000101      0.000000      0.022453      0.022211     4.400000
 1941.00    12      0.000047      0.000066      0.000000      0.017218      0.022382     1.200000
 1942.00     1      0.000029      0.000069      0.000000      0.019862      0.020577     0.800000
 1942.00     2      0.000027      0.000069      0.000000      0.018657      0.016656     2.400000
 1942.00     3      0.000031      0.000146      0.000000      0.023609      0.017085     1.500000
 1942.00     4      0.000060      0.000180      0.000000      0.023708      0.013402     5.200000
 1942.00     5      0.000060      0.000213      0.000000      0.029005      0.016753     4.200000
 1942.00     6      0.000133      0.000343      0.000000      0.028981      0.045719     5.500000
 1942.00     7      0.000033      0.000161      0.000000      0.029641      0.008855     1.300000
 1942.00     8      0.000034      0.000159      0.000000      0.027707      0.013097     2.600000
 1942.00     9      0.000031      0.000124      0.000000      0.024559      0.014278     3.900000
 1942.00    10      0.000038      0.000110      0.000000      0.021413      0.017309     5.300000
 1942.00    11      0.000038      0.000074      0.000000      0.016962      0.018793     2.700000
 1942.00    12      0.000027      0.000044      0.000000      0.020206      0.019365     0.300000
 1943.00     1      0.000023      0.000011      0.000000      0.020045      0.018254     1.100000
 1943.00     2      0.000019      0.000065      0.000000      0.017415      0.015517     1.900000
 1943.00     3      0.000022      0.000091      0.000000      0.020808      0.017773     0.600000
 1943.00     4      0.000038      0.000169      0.000000      0.020451      0.019130     3.800000
 1943.00     5      0.000043      0.000190      0.000000      0.023622      0.025715     1.400000
 1943.00     6      0.000058      0.000329      0.000000      0.024551      0.030645     2.700000
 1943.00     7      0.000055      0.000260      0.000000      0.026364      0.033909     1.400000
 1943.00     8      0.000071      0.000299      0.000000      0.026695      0.041780     2.400000
 1943.00     9      0.000093      0.000440      0.000000      0.026481      0.052183     1.700000
 1943.00    10      0.000119      0.000344      0.000000      0.025895      0.046800     4.000000
 1943.00    11      0.000035      0.000090      0.000000      0.022122      0.016196     2.800000
 1943.00    12      0.000020      0.000067      0.000000      0.021573      0.013744     1.000000
 1944.00     1      0.000017      0.000052      0.000000      0.021387      0.010507     0.200000
 1944.00     2      0.000018      0.000059      0.000000      0.020345      0.007749     1.900000
 1944.00     3      0.000024      0.000089      0.000000      0.024449      0.008352     1.000000
 1944.00     4      0.000041      0.000126      0.000000      0.024181      0.008270     6.600000
 1944.00     5      0.000233      0.000305      0.000000      0.017518      0.034294    11.300000
 1944.00     6      0.000365      0.000484      0.000000      0.022155      0.069996    10.000000
 1944.00     7      0.000049      0.000186      0.000000      0.030233      0.016835     2.000000
 1944.00     8      0.000029      0.000119      0.000000      0.027960      0.011804     0.000000
 1944.00     9      0.000043      0.000128      0.000000      0.021509      0.015451     6.400000
 1944.00    10      0.000034      0.000108      0.000000      0.021566      0.016909     1.200000
 1944.00    11      0.000022      0.000092      0.000000      0.021417      0.016655     1.000000
 1944.00    12      0.000021      0.000080      0.000000      0.020936      0.016472     0.200000
 1945.00     1      0.000019      0.000064      0.000000      0.019681      0.015674     1.700000
 1945.00     2      0.000018      0.000055      0.000000      0.019235      0.013999     0.300000
 1945.00     3      0.000024      0.000081      0.000000      0.019081      0.016246     2.800000
 1945.00     4      0.000027      0.000124      0.000000      0.021014      0.017803     1.800000
 1945.00     5      0.000099      0.000160      0.000000      0.020631      0.023419     6.800000
 1945.00     6      0.000048      0.000188      0.000000      0.024234      0.027220     3.600000
 1945.00     7      0.000065      0.000235      0.000000      0.026470      0.037418     4.500000
 1945.00     8      0.000063      0.000284      0.000000      0.026556      0.037190     2.000000
 1945.00     9      0.000238      0.000534      0.000000      0.022291      0.093646     6.400000
 1945.00    10      0.000090      0.000319      0.000000      0.026922      0.041229     0.900000
 1945.00    11      0.000027      0.000089      0.000000      0.022875      0.016107     1.000000
 1945.00    12      0.000019      0.000077      0.000000      0.021415      0.013487     0.000000
 1946.00     1      0.000018      0.000048      0.000000      0.021144      0.010849     1.700000
 1946.00     2      0.000015      0.000057      0.000000      0.019630      0.008146     1.100000
 1946.00     3      0.000023      0.000070      0.000000      0.024027      0.008781     1.200000
 1946.00     4      0.000063      0.000271      0.000000      0.023711      0.011701     4.400000
 1946.00     5      0.000069      0.000278      0.000000      0.028809      0.019542     3.400000
 1946.00     6      0.000141      0.000408      0.000000      0.029803      0.051757     6.500000
 1946.00     7      0.000075      0.000126      0.000000      0.026588      0.008302     6.500000
 1946.00     8      0.000210      0.000342      0.000000      0.017995      0.052959     8.100000
 1946.00     9      0.000064      0.000248      0.000000      0.025239      0.027414     2.200000
 1946.00    10      0.000052      0.000125      0.000000      0.022177      0.024572     4.500000
 1946.00    11      0.000057      0.000099      0.000000      0.016873      0.026026     1.400000
 1946.00    12      0.000037      0.000101      0.000000      0.020304      0.026347     1.000000
 1947.00     1      0.000030      0.000115      0.000000      0.020233      0.024629     0.400000
 1947.00     2      0.000026      0.000104      0.000000      0.018536      0.020790     0.400000
 1947.00     3      0.000031      0.000108      0.000000      0.020466      0.023264     3.600000
 1947.00     4      0.000043      0.000155      0.000000      0.020823      0.024410     4.600000
 1947.00     5      0.000069      0.000270      0.000000      0.022704      0.032233     5.000000
 1947.00     6      0.000051      0.000203      0.000000      0.023935      0.034437     1.700000
 1947.00     7      0.000095      0.000347      0.000000      0.025918      0.050428     4.000000
 1947.00     8      0.000100      0.000339      0.000000      0.026224      0.057397     0.900000
 1947.00     9      0.000165      0.000649      0.000000      0.026472      0.091460     2.400000
 1947.00    10      0.000123      0.000379      0.000000      0.025923      0.050294     4.800000
 1947.00    11      0.000054      0.000145      0.000000      0.020974      0.021154     1.400000
 1947.00    12      0.000029      0.000072      0.000000      0.022252      0.018680     1.900000
 1948.00     1      0.000022      0.000091      0.000000      0.021760      0.014901     0.800000
 1948.00     2      0.000020      0.000080      0.000000      0.020494      0.010912     0.100000
 1948.00     3      0.000031      0.000133      0.000000      0.024708      0.011993     1.700000
 1948.00     4      0.000235      0.000183      0.000000      0.020411      0.015222    16.599998
 1948.00     5      0.000210      0.000318      0.000000      0.025460      0.030186     4.400000
 1948.00     6      0.000109      0.000352      0.000000      0.028352      0.036028     4.100000
 1948.00     7      0.000018      0.000072      0.000000      0.027406      0.001965     5.000000
 1948.00     8      0.000069      0.000212      0.000000      0.025765      0.024104     6.600000
 1948.00     9      0.000065      0.000184      0.000000      0.022951      0.023882     5.600000
 1948.00    10      0.000029      0.000110      0.000000      0.023848      0.018249     0.900000
 1948.00    11      0.000025      0.000090      0.000000      0.022021      0.018073     0.900000
 1948.00    12      0.000023      0.000092      0.000000      0.021205      0.017874     0.300000
 1949.00     1      0.000021      0.000084      0.000000      0.020533      0.017226     0.400000
 1949.00     2      0.000019      0.000077      0.000000      0.019148      0.015485     0.400000
 1949.00     3      0.000024      0.000100      0.000000      0.021188      0.018037     3.100000
 1949.00     4      0.000032      0.000134      0.000000      0.021433      0.019973     1.500000
 1949.00     5      0.000113      0.000218      0.000000      0.021178      0.026984     7.800000
 1949.00     6      0.000051      0.000210      0.000000      0.024649      0.030557     2.500000
 1949.00     7      0.000059      0.000243      0.000000      0.026935      0.037026     0.300000
 1949.00     8      0.000073      0.000358      0.000000      0.027245      0.045321     1.900000
 1949.00     9      0.000244      0.000640      0.000000      0.023121      0.102505     4.400000
 1949.00    10      0.000076      0.000291      0.000000      0.026869      0.037552     1.800000
 1949.00    11      0.000034      0.000099      0.000000      0.022076      0.021847     1.600000
 1949.00    12      0.000024      0.000089      0.000000      0.020699      0.019055     0.800000
 1950.00     1      0.000022      0.000066      0.000000      0.020722      0.015771     1.400000
 1950.00     2      0.000019      0.000055      0.000000      0.019201      0.012303     0.900000
 1950.00     3      0.000026      0.000097      0.000000      0.023505      0.013204     2.000000
 1950.00     4      0.000092      0.000227      0.000000      0.022673      0.020337     6.900000
 1950.00     5      0.000252      0.000335      0.000000      0.025635      0.039954     9.400000
 1950.00     6      0.000066      0.000211      0.000000      0.029139      0.021071     2.700000
 1950.00     7      0.000212      0.000404      0.000000      0.028659      0.049872     9.300000
 1950.00     8      0.000040      0.000170      0.000000      0.028399      0.018038     1.400000
 1950.00     9      0.000034      0.000149      0.000000      0.025585      0.016178     2.600000
 1950.00    10      0.000027      0.000114      0.000000      0.024424      0.017770     0.800000
 1950.00    11      0.000025      0.000087      0.000000      0.022102      0.017653     2.500000
 1950.00    12      0.000021      0.000088      0.000000      0.020766      0.017350     0.100000
 1951.00     1      0.000020      0.000075      0.000000      0.019889      0.016456     1.100000
 1951.00     2      0.000017      0.000069      0.000000      0.017763      0.014101     0.900000
 1951.00     3      0.000020      0.000071      0.000000      0.019936      0.016447     1.600000
 1951.00     4      0.000085      0.000351      0.000000      0.021097      0.076572     0.000000
 1951.00     5      0.000152      0.000633      0.000000      0.022497      0.130896     4.200000
 1951.00     6      0.000135      0.000516      0.000000      0.024329      0.114858     3.700000
 1951.00     7      0.000129      0.000537      0.000000      0.026841      0.109538     0.400000
 1951.00     8      0.000220      0.000698      0.000000      0.024992      0.143951     5.000000
 1951.00     9      0.000141      0.000601      0.000000      0.026412      0.106944     1.800000
 1951.00    10      0.000095      0.000369      0.000000      0.026273      0.065056     2.900000
 1951.00    11      0.000071      0.000191      0.000000      0.022317      0.049457     1.100000
 1951.00    12      0.000052      0.000210      0.000000      0.021588      0.044105     0.000000
 1952.00     1      0.000046      0.000185      0.000000      0.021465      0.037793     0.100000
 1952.00     2      0.000038      0.000136      0.000000      0.019506      0.029622     1.600000
 1952.00     3      0.000114      0.000205      0.000000      0.018950      0.030282     6.300000
 1952.00     4      0.000374      0.000853      0.000000      0.023349      0.160113     6.100000
 1952.00     5      0.000244      0.000528      0.000000      0.025251      0.075974     5.400000
 1952.00     6      0.000039      0.000116      0.000000      0.027004      0.005332     4.699999
 1952.00     7      0.000012      0.000049      0.000000      0.028229      0.000000     0.800000
 1952.00     8      0.000082      0.000129      0.000000      0.030370      0.007679     6.600000
 1952.00     9      0.000119      0.000439      0.000000      0.028876      0.055615     0.300000
 1952.00    10      0.000042      0.000169      0.000000      0.029036      0.012853     0.300000
 1952.00    11      0.000016      0.000062      0.000000      0.023815      0.006485     0.700000
 1952.00    12      0.000011      0.000038      0.000000      0.022297      0.006275     1.100000
 1953.00     1      0.000010      0.000029      0.000000      0.021163      0.005818     3.100000
 1953.00     2      0.000017      0.000038      0.000000      0.018955      0.005860     1.200000
 1953.00     3      0.000019      0.000076      0.000000      0.022835      0.006459     4.300000
 1953.00     4      0.000148      0.000608      0.000000      0.022773      0.105167     4.400000
 1953.00     5      0.000193      0.000438      0.000000      0.025807      0.093046     6.000000
 1953.00     6      0.000030      0.000130      0.000000      0.027086      0.005766     1.500000
 1953.00     7      0.000035      0.000137      0.000000      0.031011      0.007710     2.600000
 1953.00     8      0.000092      0.000420      0.000000      0.032919      0.044013     2.100000
 1953.00     9      0.000109      0.000476      0.000000      0.031146      0.051451     1.600000
 1953.00    10      0.000059      0.000256      0.000000      0.028617      0.019120     1.100000
 1953.00    11      0.000024      0.000087      0.000000      0.024067      0.008561     1.000000
 1953.00    12      0.000017      0.000063      0.000000      0.023012      0.008361     0.200000
 1954.00     1      0.000015      0.000058      0.000000      0.022220      0.008001     0.500000
 1954.00     2      0.000015      0.000057      0.000000      0.020175      0.006718     0.300000
 1954.00     3      0.000036      0.000116      0.000000      0.023071      0.007834     5.100000
 1954.00     4      0.000167      0.000744      0.000000      0.026955      0.128071     2.000000
 1954.00     5      0.000436      0.000965      0.000000      0.025065      0.203664    11.200001
 1954.00     6      0.000072      0.000230      0.000000      0.028239      0.028013     1.300000
 1954.00     7      0.000078      0.000277      0.000000      0.030000      0.025104     7.400000
 1954.00     8      0.000120      0.000513      0.000000      0.033595      0.059120     2.100000
 1954.00     9      0.000113      0.000463      0.000000      0.031572      0.055116     0.900000
 1954.00    10      0.000052      0.000217      0.000000      0.028812      0.017458     1.200000
 1954.00    11      0.000025      0.000098      0.000000      0.024558      0.008144     0.600000
 1954.00    12      0.000016      0.000053      0.000000      0.022823      0.008163     0.900000
 1955.00     1      0.000012      0.000045      0.000000      0.020944      0.007376     0.500000
 1955.00     2      0.000013      0.000051      0.000000      0.019429      0.005891     0.000000
 1955.00     3      0.000020      0.000083      0.000000      0.024373      0.006067     0.700000
 1955.00     4      0.000085      0.000356      0.000000      0.025796      0.066717     0.500000
 1955.00     5      0.000430      0.000947      0.000000      0.025615      0.189947     8.599999
 1955.00     6      0.000225      0.000466      0.000000      0.027410      0.074285     8.500000
 1955.00     7      0.000119      0.000266      0.000000      0.026781      0.020315     7.100000
 1955.00     8      0.000159      0.000602      0.000000      0.033184      0.080076     0.000000
 1955.00     9      0.000245      0.000686      0.000000      0.027931      0.091323     4.000000
 1955.00    10      0.000052      0.000229      0.000000      0.028241      0.015143     1.400000
 1955.00    11      0.000027      0.000100      0.000000      0.023326      0.010331     1.200000
 1955.00    12      0.000017      0.000066      0.000000      0.022083      0.010143     0.900000
 1956.00     1      0.000015      0.000061      0.000000      0.021286      0.009099     0.000000
 1956.00     2      0.000017      0.000068      0.000000      0.020186      0.007798     0.100000
 1956.00     3      0.000086      0.000172      0.000000      0.015840      0.011390     7.500000
 1956.00     4      0.000185      0.000362      0.000000      0.019862      0.095574     6.800000
 1956.00     5      0.000290      0.000450      0.000000      0.023618      0.065645    10.299999
 1956.00     6      0.000254      0.000467      0.000000      0.024780      0.071111     7.500000
 1956.00     7      0.000111      0.000285      0.000000      0.029241      0.040686     7.400000
 1956.00     8      0.000108      0.000461      0.000000      0.034024      0.054924     0.900000
 1956.00     9      0.000098      0.000402      0.000000      0.031417      0.047842     0.400000
 1956.00    10      0.000046      0.000189      0.000000      0.028823      0.014223     0.300000
 1956.00    11      0.000022      0.000075      0.000000      0.024364      0.006698     4.400000
 1956.00    12      0.000019      0.000024      0.000000      0.020887      0.007383     1.600000
 1957.00     1      0.000019      0.000039      0.000000      0.020311      0.008119     0.800000
 1957.00     2      0.000014      0.000053      0.000000      0.020730      0.007452     1.100000
 1957.00     3      0.000033      0.000158      0.000000      0.022404      0.008770     4.200000
 1957.00     4      0.000152      0.000418      0.000000      0.021075      0.083096     5.300000
 1957.00     5      0.000131      0.000525      0.000000      0.028570      0.083652     2.800000
 1957.00     6      0.000121      0.000350      0.000000      0.029330      0.046195     6.700000
 1957.00     7      0.000031      0.000139      0.000000      0.030336      0.006295     2.600000
 1957.00     8      0.000186      0.000746      0.000000      0.033100      0.086999     3.500000
 1957.00     9      0.000122      0.000501      0.000000      0.031002      0.059461     0.600000
 1957.00    10      0.000294      0.000616      0.000000      0.018613      0.043303     6.900000
 1957.00    11      0.000043      0.000150      0.000000      0.023265      0.020948     0.000000
 1957.00    12      0.000029      0.000088      0.000000      0.022039      0.019635     1.200000
 1958.00     1      0.000025      0.000063      0.000000      0.021277      0.017497     1.200000
 1958.00     2      0.000022      0.000070      0.000000      0.019313      0.014223     0.100000
 1958.00     3      0.000032      0.000133      0.000000      0.024246      0.014786     0.300000
 1958.00     4      0.000254      0.000776      0.000000      0.024887      0.158653     4.400000
 1958.00     5      0.000238      0.000691      0.000000      0.028844      0.143647     3.300000
 1958.00     6      0.000065      0.000316      0.000000      0.028012      0.016297     3.500000
 1958.00     7      0.000146      0.000581      0.000000      0.028741      0.052520     6.200000
 1958.00     8      0.000133      0.000541      0.000000      0.033540      0.066159     0.000000
 1958.00     9      0.000129      0.000602      0.000000      0.030686      0.058898     3.500000
 1958.00    10      0.000051      0.000184      0.000000      0.027354      0.012279     1.800000
 1958.00    11      0.000035      0.000055      0.000000      0.022538      0.010726     3.200000
 1958.00    12      0.000030      0.000055      0.000000      0.020629      0.012884     1.900000
 1959.00     1      0.000021      0.000079      0.000000      0.021766      0.012695     0.200000
 1959.00     2      0.000021      0.000068      0.000000      0.020618      0.010186     0.900000
 1959.00     3      0.000032      0.000129      0.000000      0.025565      0.008701     0.700000
 1959.00     4      0.000182      0.000530      0.000000      0.023904      0.098883     6.000000
 1959.00     5      0.000251      0.001115      0.000000      0.028274      0.142880     3.800000
 1959.00     6      0.000154      0.000412      0.000000      0.028296      0.052965     4.800000
 1959.00     7      0.000017      0.000072      0.000000      0.028017      0.001240     0.600000
 1959.00     8      0.000112      0.000490      0.000000      0.033134      0.050736     1.100000
 1959.00     9      0.000107      0.000450      0.000000      0.030365      0.048533     0.900000
 1959.00    10      0.000056      0.000253      0.000000      0.028035      0.013983     3.500000
 1959.00    11      0.000038      0.000101      0.000000      0.022794      0.009849     2.600000
 1959.00    12      0.000019      0.000056      0.000000      0.022106      0.009938     0.900000
 1960.00     1      0.000016      0.000047      0.000000      0.021640      0.008908     0.900000
 1960.00     2      0.000022      0.000064      0.000000      0.020392      0.007791     4.000000
 1960.00     3      0.000040      0.000130      0.000000      0.023125      0.009517     2.600000
 1960.00     4      0.000134      0.000621      0.000000      0.025858      0.103227     1.700000
 1960.00     5      0.000792      0.001157      0.000000      0.022952      0.218699    11.000000
 1960.00     6      0.000130      0.000494      0.000000      0.029451      0.049103     4.300000
 1960.00     7      0.000047      0.000182      0.000000      0.030773      0.013027     0.700000
 1960.00     8      0.000138      0.000523      0.000000      0.032457      0.063811     4.000000
 1960.00     9      0.000116      0.000506      0.000000      0.030797      0.052526     0.800000
 1960.00    10      0.000059      0.000274      0.000000      0.028240      0.017073     2.100000
 1960.00    11      0.000072      0.000177      0.000000      0.022276      0.015857     3.200000
 1960.00    12      0.000023      0.000058      0.000000      0.022634      0.013415     2.400000
 1961.00     1      0.000030      0.000041      0.000000      0.020335      0.012494     1.900000
 1961.00     2      0.000024      0.000085      0.000000      0.020451      0.012056     0.800000
 1961.00     3      0.000030      0.000126      0.000000      0.024042      0.011690     3.300000
 1961.00     4      0.000117      0.000556      0.000000      0.026052      0.085231     1.600000
 1961.00     5      0.000648      0.001317      0.000000      0.025793      0.179973     8.600000
 1961.00     6      0.000079      0.000299      0.000000      0.028734      0.032570     2.600000
 1961.00     7      0.000103      0.000324      0.000000      0.031712      0.038129     2.800000
 1961.00     8      0.000136      0.000589      0.000000      0.033727      0.066201     2.400000
 1961.00     9      0.000290      0.000741      0.000000      0.028123      0.108569     3.700000
 1961.00    10      0.000070      0.000286      0.000000      0.028899      0.021176     0.100000
 1961.00    11      0.000032      0.000127      0.000000      0.024178      0.011389     0.800000
 1961.00    12      0.000022      0.000056      0.000000      0.022355      0.011311     1.900000
 1962.00     1      0.000018      0.000064      0.000000      0.021289      0.010091     1.600000
 1962.00     2      0.000020      0.000048      0.000000      0.019285      0.008910     1.400000
 1962.00     3      0.000030      0.000116      0.000000      0.024419      0.008884     0.600000
 1962.00     4      0.000135      0.000576      0.000000      0.026210      0.101913     1.500000
 1962.00     5      0.000174      0.000811      0.000000      0.028860      0.127581     2.600000
 1962.00     6      0.000378      0.000619      0.000000      0.026650      0.094767     6.400000
 1962.00     7      0.000218      0.000286      0.000000      0.025086      0.012392     7.300000
 1962.00     8      0.000237      0.000974      0.000000      0.032422      0.117640     2.700000
 1962.00     9      0.000476      0.001400      0.000000      0.026938      0.165005     4.700000
 1962.00    10      0.000087      0.000378      0.000000      0.028642      0.029962     0.700000
 1962.00    11      0.000037      0.000162      0.000000      0.024044      0.015047     0.500000
 1962.00    12      0.000024      0.000073      0.000000      0.022188      0.014537     0.600000
 1963.00     1      0.000027      0.000087      0.000000      0.021430      0.013227     2.000000
 1963.00     2      0.000022      0.000079      0.000000      0.019967      0.011583     0.800000
 1963.00     3      0.000226      0.000171      0.000000      0.015228      0.013506    11.900000
 1963.00     4      0.000195      0.000717      0.000000      0.022331      0.098409     2.800000
 1963.00     5      0.000145      0.000705      0.000000      0.025924      0.059087     4.000000
 1963.00     6      0.000118      0.000368      0.000000      0.026544      0.043583     0.700000
 1963.00     7      0.000080      0.000305      0.000000      0.031227      0.026061     4.700000
 1963.00     8      0.000142      0.000550      0.000000      0.033122      0.068052     4.100000
 1963.00     9      0.000212      0.000940      0.000000      0.031130      0.096605     4.100000
 1963.00    10      0.000090      0.000316      0.000000      0.028244      0.028730     1.200000
 1963.00    11      0.000056      0.000173      0.000000      0.023788      0.016336     2.800000
 1963.00    12      0.000025      0.000076      0.000000      0.022310      0.015577     0.600000
 1964.00     1      0.000021      0.000086      0.000000      0.020710      0.013713     0.900000
 1964.00     2      0.000023      0.000092      0.000000      0.020181      0.011310     0.000000
 1964.00     3      0.000034      0.000137      0.000000      0.024514      0.012420     0.400000
 1964.00     4      0.000106      0.000398      0.000000      0.025708      0.066539     2.800000
 1964.00     5      0.000224      0.000881      0.000000      0.029066      0.147455     5.000000
 1964.00     6      0.000225      0.000605      0.000000      0.028907      0.085063     6.300000
 1964.00     7      0.000203      0.000479      0.000000      0.026893      0.061155     8.400001
 1964.00     8      0.000283      0.000871      0.000000      0.031832      0.131562     3.200000
 1964.00     9      0.000191      0.000890      0.000000      0.031016      0.086891     2.400000
 1964.00    10      0.000081      0.000328      0.000000      0.028973      0.025703     1.400000
 1964.00    11      0.000062      0.000118      0.000000      0.019585      0.013837     4.900000
 1964.00    12      0.000043      0.000122      0.000000      0.020417      0.018853     0.000000
 1965.00     1      0.000032      0.000083      0.000000      0.021050      0.017989     1.700000
 1965.00     2      0.000029      0.000117      0.000000      0.021368      0.015474     0.100000
 1965.00     3      0.000165      0.000526      0.000000      0.018189      0.018172     8.700000
 1965.00     4      0.000432      0.000955      0.000000      0.023814      0.189838     4.300000
 1965.00     5      0.000080      0.000356      0.000000      0.027434      0.043452     2.500000
 1965.00     6      0.000069      0.000265      0.000000      0.027602      0.015365     3.500000
 1965.00     7      0.000062      0.000234      0.000000      0.030162      0.019393     3.700000
 1965.00     8      0.000484      0.000829      0.000000      0.029237      0.103158     8.000000
 1965.00     9      0.000185      0.000717      0.000000      0.031037      0.091558     0.000000
 1965.00    10      0.000076      0.000309      0.000000      0.028823      0.022922     0.700000
 1965.00    11      0.000042      0.000112      0.000000      0.023375      0.013168     4.400000
 1965.00    12      0.000050      0.000070      0.000000      0.018149      0.016717     1.200000
 1966.00     1      0.000027      0.000067      0.000000      0.020554      0.016536     0.800000
 1966.00     2      0.000028      0.000072      0.000000      0.019211      0.013889     2.400000
 1966.00     3      0.000037      0.000176      0.000000      0.023950      0.014358     1.500000
 1966.00     4      0.000281      0.000944      0.000000      0.024218      0.207391     5.200000
 1966.00     5      0.000675      0.002387      0.000000      0.028707      0.605973     4.200000
 1966.00     6      0.000546      0.001237      0.000000      0.027750      0.370899     5.500000
 1966.00     7      0.000100      0.000443      0.000000      0.028932      0.056792     1.300000
 1966.00     8      0.000146      0.000666      0.000000      0.032421      0.072743     2.600000
 1966.00     9      0.000156      0.000611      0.000000      0.029499      0.061339     3.900000
 1966.00    10      0.000135      0.000378      0.000000      0.025160      0.026033     5.300000
 1966.00    11      0.000077      0.000155      0.000000      0.019523      0.020967     2.700000
 1966.00    12      0.000041      0.000074      0.000000      0.021871      0.023822     0.300000
 1967.00     1      0.000034      0.000017      0.000000      0.021478      0.021096     1.100000
 1967.00     2      0.000028      0.000097      0.000000      0.019134      0.017257     1.900000
 1967.00     3      0.000044      0.000173      0.000000      0.024609      0.016204     0.600000
 1967.00     4      0.000438      0.002160      0.000000      0.025288      0.359623     3.800000
 1967.00     5      0.000581      0.002525      0.000000      0.028595      0.539975     1.400000
 1967.00     6      0.000579      0.003252      0.000000      0.028865      0.500693     2.700000
 1967.00     7      0.000240      0.001175      0.000000      0.029554      0.199775     1.400000
 1967.00     8      0.000319      0.001372      0.000000      0.033253      0.209561     2.400000
 1967.00     9      0.000240      0.001164      0.000000      0.030783      0.111864     1.700000
 1967.00    10      0.000254      0.000763      0.000000      0.027753      0.077660     4.000000
 1967.00    11      0.000093      0.000242      0.000000      0.023175      0.033075     2.800000
 1967.00    12      0.000051      0.000173      0.000000      0.022237      0.032313     1.000000
 1968.00     1      0.000046      0.000146      0.000000      0.021937      0.027981     0.200000
 1968.00     2      0.000054      0.000174      0.000000      0.020758      0.023464     1.900000
 1968.00     3      0.000068      0.000246      0.000000      0.024736      0.025828     1.000000
 1968.00     4      0.000285      0.000834      0.000000      0.024380      0.202019     6.600000
 1968.00     5      0.001081      0.001545      0.000000      0.018205      0.544140    11.300000
 1968.00     6      0.000851      0.000637      0.000000      0.020392      0.121362    10.000000
 1968.00     7      0.000092      0.000286      0.000000      0.029310      0.022208     2.000000
 1968.00     8      0.000088      0.000373      0.000000      0.031307      0.043030     0.000000
 1968.00     9      0.000092      0.000282      0.000000      0.024985      0.036170     6.400000
 1968.00    10      0.000103      0.000315      0.000000      0.025594      0.026050     1.200000
 1968.00    11      0.000028      0.000120      0.000000      0.023637      0.011295     1.000000
 1968.00    12      0.000022      0.000086      0.000000      0.022471      0.011542     0.200000
 1969.00     1      0.000019      0.000063      0.000000      0.021159      0.011194     1.700000
 1969.00     2      0.000024      0.000075      0.000000      0.021268      0.010031     0.300000
 1969.00     3      0.000043      0.000142      0.000000      0.022571      0.011537     2.800000
 1969.00     4      0.000242      0.000990      0.000000      0.025787      0.207249     1.800000
 1969.00     5      0.001111      0.003351      0.000000      0.025425      0.732787     6.800000
 1969.00     6      0.000362      0.001185      0.000000      0.029136      0.286925     3.600000
 1969.00     7      0.000194      0.000641      0.000000      0.031194      0.108656     4.500000
 1969.00     8      0.000212      0.000952      0.000000      0.032784      0.102418     2.000000
 1969.00     9      0.000410      0.001125      0.000000      0.027181      0.142572     6.400000
 1969.00    10      0.000150      0.000578      0.000000      0.028387      0.052444     0.900000
 1969.00    11      0.000052      0.000179      0.000000      0.023659      0.023066     1.000000
 1969.00    12      0.000037      0.000149      0.000000      0.022041      0.022393     0.000000
 1970.00     1      0.000037      0.000100      0.000000      0.021662      0.020338     1.700000
 1970.00     2      0.000034      0.000129      0.000000      0.019990      0.017251     1.100000
 1970.00     3      0.000052      0.000154      0.000000      0.024330      0.018484     1.200000
 1970.00     4      0.000385      0.001635      0.000000      0.023978      0.266110     4.400000
 1970.00     5      0.000602      0.002438      0.000000      0.028452      0.541868     3.400000
 1970.00     6      0.000557      0.001422      0.000000      0.028761      0.379531     6.500000
 1970.00     7      0.000291      0.000525      0.000000      0.025243      0.086591     6.500000
 1970.00     8      0.001129      0.002257      0.000000      0.023366      0.416677     8.100000
 1970.00     9      0.000385      0.001511      0.000000      0.030068      0.156372     2.200000
 1970.00    10      0.000223      0.000570      0.000000      0.025977      0.057850     4.500000
 1970.00    11      0.000172      0.000305      0.000000      0.019693      0.043478     1.400000
 1970.00    12      0.000074      0.000211      0.000000      0.021977      0.046170     1.000000
