    time  asom11tosom21  asom12tosom22  asom12tosom3  asom21tosom11  asom21tosom22  asom22tosom12  asom22tosom3  asom3tosom12  ametc1tosom11  ametc2tosom12  astruc1tosom11  astruc1tosom21  astruc2tosom12  astruc2tosom22  awood1tosom11  awood1tosom21  awood2tosom11  awood2tosom21  awood3tosom12  awood3tosom22
 1900.00    0.103407      9.478815      0.165886      0.000501      0.003092      7.878355      0.084942      1.048061      0.844081      6.461616      0.104403      0.062157      1.002390      0.550523      0.000000      0.000000      0.000000      0.000000      0.000000      0.000000  
 1901.00    0.012746      6.751801      0.118048      0.000082      0.000506      8.491599      0.091554      1.164188      0.051361      2.921469      0.007403      0.004657      0.820045      0.448710      0.000000      0.000000      0.000000      0.000000      0.000000      0.000000  
 1902.00    0.023995      9.091310      0.160574      0.000147      0.000910      7.226906      0.077918      1.020973      0.304378      5.519934      0.029970      0.018474      1.000725      0.550784      0.000000      0.000000      0.000000      0.000000      0.000000      0.000000  
 1903.00    0.004852      5.593907      0.097355      0.000022      0.000133      6.377743      0.068763      0.924163      0.044691      3.059093      0.004701      0.003090      0.701625      0.385693      0.000000      0.000000      0.000000      0.000000      0.000000      0.000000  
 1904.00    0.020013      8.583079      0.153685      0.000083      0.000510      7.015479      0.075639      1.042515      0.298445      4.825399      0.029203      0.018237      0.999773      0.548720      0.000000      0.000000      0.000000      0.000000      0.000000      0.000000  
 1905.00    0.013270      5.892974      0.102225      0.000053      0.000330      7.443194      0.080250      1.141032      0.101340      2.603444      0.010863      0.007153      0.710076      0.390280      0.000000      0.000000      0.000000      0.000000      0.000000      0.000000  
 1906.00    0.026702      8.242485      0.144745      0.000133      0.000821      6.521306      0.070311      1.028717      0.330916      4.826087      0.031931      0.019723      0.911325      0.502530      0.000000      0.000000      0.000000      0.000000      0.000000      0.000000  
 1907.00    0.003692      5.972049      0.105583      0.000019      0.000115      7.144451      0.077029      1.160651      0.024863      3.026257      0.002594      0.001730      0.741570      0.410416      0.000000      0.000000      0.000000      0.000000      0.000000      0.000000  
 1908.00    0.034858      9.490517      0.166629      0.000204      0.001256      7.533978      0.081229      1.263208      0.380806      5.682223      0.044976      0.026003      1.055723      0.583788      0.000000      0.000000      0.000000      0.000000      0.000000      0.000000  
 1909.00    0.017325      6.282850      0.111348      0.000090      0.000553      7.722768      0.083264      1.341904      0.113301      2.963499      0.015392      0.009281      0.818486      0.439344      0.000000      0.000000      0.000000      0.000000      0.000000      0.000000  
 1910.00    0.036131      7.226493      0.126592      0.000163      0.001005      5.377354      0.057977      0.962968      0.390222      4.682235      0.036911      0.023782      0.836295      0.452701      0.000000      0.000000      0.000000      0.000000      0.000000      0.000000  
 1911.00    0.011078      4.833748      0.084173      0.000055      0.000340      5.364766      0.057841      0.984468      0.060919      2.227798      0.006444      0.004414      0.592019      0.324093      0.000000      0.000000      0.000000      0.000000      0.000000      0.000000  
 1912.00    0.030257      7.447581      0.131031      0.000150      0.000924      5.710536      0.061569      1.074373      0.358552      4.576676      0.038522      0.023207      0.862111      0.471970      0.000000      0.000000      0.000000      0.000000      0.000000      0.000000  
 1913.00    0.014725      5.306294      0.092403      0.000070      0.000431      5.804074      0.062578      1.122287      0.093361      2.855525      0.011338      0.007089      0.695803      0.377700      0.000000      0.000000      0.000000      0.000000      0.000000      0.000000  
 1914.00    0.034065      6.655422      0.118071      0.000136      0.000841      4.839770      0.052181      0.960010      0.355976      4.983387      0.033317      0.021723      0.817634      0.448480      0.000000      0.000000      0.000000      0.000000      0.000000      0.000000  
 1915.00    0.018899      5.348484      0.093273      0.000102      0.000627      5.926535      0.063898      1.207447      0.091157      2.112019      0.009942      0.006861      0.657599      0.362644      0.000000      0.000000      0.000000      0.000000      0.000000      0.000000  
 1916.00    0.048890      7.126958      0.125784      0.000221      0.001367      5.097795      0.054963      1.067569      0.446878      5.358523      0.044023      0.027880      0.850313      0.470310      0.000000      0.000000      0.000000      0.000000      0.000000      0.000000  
 1917.00    0.022787      5.188133      0.090899      0.000134      0.000825      5.634056      0.060745      1.213439      0.097438      2.022025      0.011402      0.007675      0.630332      0.348644      0.000000      0.000000      0.000000      0.000000      0.000000      0.000000  
 1918.00    0.025299      6.045412      0.105429      0.000115      0.000707      4.305457      0.046420      0.951136      0.307245      4.200208      0.028962      0.018257      0.707885      0.391599      0.000000      0.000000      0.000000      0.000000      0.000000      0.000000  
 1919.00    0.007169      4.570277      0.079349      0.000033      0.000205      4.873649      0.052546      1.103766      0.046582      2.466978      0.004834      0.003188      0.588085      0.323746      0.000000      0.000000      0.000000      0.000000      0.000000      0.000000  
 1920.00    0.031473      7.267318      0.128807      0.000182      0.001123      5.113379      0.055131      1.188141      0.354050      5.353162      0.043934      0.024894      0.899829      0.492719      0.000000      0.000000      0.000000      0.000000      0.000000      0.000000  
 1921.00    0.009455      4.931688      0.086886      0.000049      0.000300      5.197422      0.056037      1.241161      0.067332      3.077333      0.009442      0.005569      0.752656      0.399631      0.000000      0.000000      0.000000      0.000000      0.000000      0.000000  
 1922.00    0.087496      7.790987      0.137665      0.000466      0.002874      4.840079      0.052184      1.185735      0.581561      6.557810      0.060229      0.039218      1.068286      0.575116      0.000000      0.000000      0.000000      0.000000      0.000000      0.000000  
 1923.00    0.015883      5.211540      0.091130      0.000124      0.000765      5.172598      0.055769      1.299158      0.051029      1.675534      0.006510      0.004477      0.692219      0.377568      0.000000      0.000000      0.000000      0.000000      0.000000      0.000000  
 1924.00    0.081952      6.510989      0.113811      0.000418      0.002578      4.215744      0.045453      1.085426      0.639450      5.592696      0.084529      0.048881      0.876895      0.472889      0.000000      0.000000      0.000000      0.000000      0.000000      0.000000  
 1925.00    0.009660      4.496899      0.078614      0.000065      0.000399      4.375435      0.047175      1.151035      0.037938      2.304389      0.005878      0.003577      0.681488      0.363505      0.000000      0.000000      0.000000      0.000000      0.000000      0.000000  
 1926.00    0.020369      6.138253      0.108358      0.000123      0.000758      3.819064      0.041176      1.026858      0.249387      4.824014      0.025687      0.015426      0.852163      0.459378      0.000000      0.000000      0.000000      0.000000      0.000000      0.000000  
 1927.00    0.003956      3.805498      0.066227      0.000018      0.000111      3.332950      0.035935      0.911793      0.035808      2.556798      0.003991      0.002551      0.592712      0.318421      0.000000      0.000000      0.000000      0.000000      0.000000      0.000000  
 1928.00    0.017367      5.949534      0.106460      0.000072      0.000447      3.773010      0.040679      1.049878      0.250125      4.286432      0.025560      0.015628      0.866585      0.466196      0.000000      0.000000      0.000000      0.000000      0.000000      0.000000  
 1929.00    0.011085      4.054688      0.070337      0.000046      0.000283      3.955270      0.042644      1.125973      0.083002      2.221614      0.009384      0.006036      0.609122      0.327632      0.000000      0.000000      0.000000      0.000000      0.000000      0.000000  
 1930.00    0.023666      5.760282      0.101161      0.000119      0.000735      3.549852      0.038273      1.030897      0.280108      4.404783      0.027815      0.016907      0.801951      0.434350      0.000000      0.000000      0.000000      0.000000      0.000000      0.000000  
 1931.00    0.003088      4.209563      0.074422      0.000016      0.000099      3.863866      0.041659      1.145188      0.020406      2.605588      0.002216      0.001449      0.646767      0.350864      0.000000      0.000000      0.000000      0.000000      0.000000      0.000000  
 1932.00    0.029333      6.791657      0.119209      0.000175      0.001080      4.228613      0.045592      1.280979      0.306345      4.860804      0.037040      0.021124      0.932551      0.507627      0.000000      0.000000      0.000000      0.000000      0.000000      0.000000  
 1933.00    0.013895      4.391606      0.077813      0.000074      0.000456      4.261261      0.045944      1.325062      0.089205      2.386496      0.012475      0.007419      0.688984      0.364206      0.000000      0.000000      0.000000      0.000000      0.000000      0.000000  
 1934.00    0.032565      5.151290      0.090242      0.000144      0.000892      3.031783      0.032688      0.963396      0.348712      4.419469      0.033786      0.021423      0.731101      0.391212      0.000000      0.000000      0.000000      0.000000      0.000000      0.000000  
 1935.00    0.009882      3.523929      0.061363      0.000049      0.000304      3.006596      0.032416      0.970858      0.054029      2.051468      0.005890      0.003964      0.523867      0.282994      0.000000      0.000000      0.000000      0.000000      0.000000      0.000000  
 1936.00    0.026816      5.552626      0.097643      0.000137      0.000843      3.311595      0.035705      1.086483      0.302671      4.208070      0.033135      0.019753      0.783288      0.424242      0.000000      0.000000      0.000000      0.000000      0.000000      0.000000  
 1937.00    0.012347      3.911102      0.068105      0.000060      0.000373      3.317277      0.035766      1.108003      0.076642      2.447284      0.009556      0.005906      0.613135      0.328374      0.000000      0.000000      0.000000      0.000000      0.000000      0.000000  
 1938.00    0.030810      5.001158      0.088677      0.000122      0.000754      2.837801      0.030596      0.963851      0.320891      4.639593      0.030576      0.019632      0.741132      0.401645      0.000000      0.000000      0.000000      0.000000      0.000000      0.000000  
 1939.00    0.016804      4.057542      0.070751      0.000089      0.000551      3.628077      0.039117      1.255703      0.082520      2.000945      0.009059      0.006153      0.598831      0.326263      0.000000      0.000000      0.000000      0.000000      0.000000      0.000000  
 1940.00    0.138156      5.613800      0.099103      0.000562      0.003468      2.921624      0.031500      1.029093      1.388726      6.498334      0.192119      0.114971      0.843166      0.460639      0.000000      0.000000      0.000000      0.000000      0.000000      0.000000  
 1941.00    0.073691      4.863992      0.085199      0.000427      0.002639      3.573403      0.038527      1.273595      0.324957      3.765901      0.053206      0.033255      0.927272      0.516056      0.000000      0.000000      0.000000      0.000000      0.000000      0.000000  
 1942.00    0.071628      5.808507      0.101284      0.000325      0.002004      2.547773      0.027469      0.913098      0.947618      5.622647      0.122633      0.076028      1.028552      0.574240      0.000000      0.000000      0.000000      0.000000      0.000000      0.000000  
 1943.00    0.021971      4.790600      0.083152      0.000105      0.000649      3.194604      0.034443      1.149967      0.146346      4.394107      0.021004      0.013403      1.054686      0.593582      0.000000      0.000000      0.000000      0.000000      0.000000      0.000000  
 1944.00    0.077274      7.750290      0.137375      0.000431      0.002660      3.239194      0.034924      1.165270      1.008930      7.378272      0.166062      0.093358      1.523248      0.856435      0.000000      0.000000      0.000000      0.000000      0.000000      0.000000  
 1945.00    0.027262      5.591515      0.098524      0.000141      0.000869      3.611331      0.038936      1.298568      0.198341      5.514895      0.037112      0.021347      1.533281      0.828928      0.000000      0.000000      0.000000      0.000000      0.000000      0.000000  
 1946.00    0.260343      8.571044      0.151646      0.001417      0.008747      3.193902      0.034436      1.143433      1.798986      8.268118      0.262979      0.165229      1.917445      1.039552      0.000000      0.000000      0.000000      0.000000      0.000000      0.000000  
 1947.00    0.050657      5.970568      0.104402      0.000401      0.002477      3.738792      0.040310      1.330365      0.163544      3.232851      0.029428      0.019171      1.409118      0.784084      0.000000      0.000000      0.000000      0.000000      0.000000      0.000000  
 1948.00    0.248674      7.377385      0.128977      0.001299      0.008016      2.995083      0.032292      1.063635      1.995890      7.377456      0.348698      0.199128      1.596106      0.882194      0.000000      0.000000      0.000000      0.000000      0.000000      0.000000  
 1949.00    0.030531      5.461538      0.095489      0.000210      0.001296      3.397699      0.036633      1.200158      0.120046      4.446778      0.024572      0.014533      1.463519      0.799105      0.000000      0.000000      0.000000      0.000000      0.000000      0.000000  
 1950.00    0.048091      7.324048      0.129308      0.000290      0.001790      2.825659      0.030465      0.994455      0.756281      6.604812      0.107262      0.063329      1.674602      0.917675      0.000000      0.000000      0.000000      0.000000      0.000000      0.000000  
 1951.00    0.153235      4.206611      0.073115      0.000768      0.004741      2.261661      0.024385      0.788191      1.026849      3.254039      0.169471      0.104504      1.028014      0.556806      0.000000      0.000000      0.000000      0.000000      0.000000      0.000000  
 1952.00    0.412031     11.193067      0.200384      0.002911      0.017966      5.088888      0.054867      1.764301      3.693980     22.791042      0.816377      0.481029      4.239415      2.307918      0.000000      0.000000      0.000000      0.000000      0.000000      0.000000  
 1953.00    0.678127     15.450860      0.267879      0.006473      0.039958      4.339459      0.046787      1.410766      3.341952     19.542343      0.745214      0.472236      5.765539      3.207569      0.000000      0.000000      0.000000      0.000000      0.000000      0.000000  
 1954.00    0.867168     20.189310      0.353960      0.011122      0.068653      5.515917      0.059471      1.631820      3.911012     20.502499      0.953842      0.597892      7.433430      4.251254      0.000000      0.000000      0.000000      0.000000      0.000000      0.000000  
 1955.00    0.898671     21.600887      0.386599      0.010666      0.065840      6.688763      0.072116      1.801535      4.191900     20.879145      1.195397      0.692493      8.629725      4.890534      0.000000      0.000000      0.000000      0.000000      0.000000      0.000000  
 1956.00    0.910932     22.834990      0.401043      0.015028      0.092767      7.449003      0.080313      1.846611      3.444255     20.070978      1.251376      0.675306      9.415825      5.186266      0.000000      0.000000      0.000000      0.000000      0.000000      0.000000  
 1957.00    0.895644     21.525311      0.380635      0.012236      0.075529      7.937570      0.085580      1.835559      3.760445     20.415522      1.085405      0.627577      9.534126      5.118162      0.000000      0.000000      0.000000      0.000000      0.000000      0.000000  
 1958.00    0.751493     20.015348      0.350796      0.009799      0.060488      7.012960      0.075611      1.535696      3.977560     19.775715      0.852933      0.550198      7.783240      4.342789      0.000000      0.000000      0.000000      0.000000      0.000000      0.000000  
 1959.00    0.516071     19.426510      0.339562      0.006435      0.039725      6.861318      0.073977      1.425813      2.455668     20.107927      0.509016      0.338668      7.331355      4.246050      0.000000      0.000000      0.000000      0.000000      0.000000      0.000000  
 1960.00    0.780261     24.158369      0.424972      0.010246      0.063248      9.017336      0.097222      1.778720      3.170433     23.726765      0.810920      0.503500      9.295120      5.369011      0.000000      0.000000      0.000000      0.000000      0.000000      0.000000  
 1961.00    0.739188     23.316839      0.407087      0.009780      0.060371      8.908138      0.096045      1.674435      3.394357     21.578463      0.861430      0.525931      8.941728      5.105696      0.000000      0.000000      0.000000      0.000000      0.000000      0.000000  
 1962.00    0.934222     24.689507      0.438759      0.010196      0.062937     10.223680      0.110228      1.840941      4.543982     22.188612      1.028016      0.652717      9.143597      5.291448      0.000000      0.000000      0.000000      0.000000      0.000000      0.000000  
 1963.00    1.191561     23.962315      0.417241      0.014100      0.087038      9.437300      0.101750      1.635050      5.898155     22.404692      1.144922      0.780749      8.204600      4.903413      0.000000      0.000000      0.000000      0.000000      0.000000      0.000000  
 1964.00    1.190183     26.016184      0.460034      0.016090      0.099323     10.300473      0.111056      1.709566      5.120471     23.245146      1.148796      0.753104      8.718378      5.300625      0.000000      0.000000      0.000000      0.000000      0.000000      0.000000  
 1965.00    0.941467     25.412584      0.450160      0.012568      0.077579     11.221375      0.120985      1.797246      4.577801     24.384497      0.984289      0.645355      8.850091      5.435121      0.000000      0.000000      0.000000      0.000000      0.000000      0.000000  
 1966.00    0.893576     25.073589      0.438475      0.010801      0.066670      9.936653      0.107134      1.540774      4.838674     33.742023      0.997398      0.654154      9.174031      5.649211      0.000000      0.000000      0.000000      0.000000      0.000000      0.000000  
 1967.00    0.909284     27.086315      0.468970      0.009300      0.057405      9.144902      0.098597      1.352714      5.219657     33.750278      0.729497      0.561959      8.922033      5.782990      0.000000      0.000000      0.000000      0.000000      0.000000      0.000000  
 1968.00    1.659561     38.139568      0.680497      0.021913      0.135263     12.129039      0.130771      1.681131      6.071852     46.730648      2.622370      1.318889     16.254814      9.497290      0.000000      0.000000      0.000000      0.000000      0.000000      0.000000  
 1969.00    1.838537     38.920650      0.688315      0.025088      0.154864     12.530477      0.135099      1.600264      6.877032     37.564365      2.517198      1.330005     20.150328     10.433764      0.000000      0.000000      0.000000      0.000000      0.000000      0.000000  
 1970.00    2.745128     48.673218      0.871017      0.035959      0.221968     17.306576      0.186594      2.039256     11.345475     44.763885      2.674289      1.705699     20.906872     11.650608      0.000000      0.000000      0.000000      0.000000      0.000000      0.000000  
